<?xml version="1.0" encoding="utf-8"?><testsuites><testsuite errors="0" failures="0" hostname="f6e4981a1ce7" name="pytest" skipped="0" tests="14" time="0.586" timestamp="2023-06-04T19:15:39.372912"><testcase classname="test.rest.api_test.TestApi" name="test_api_add" time="0.022"></testcase><testcase classname="test.rest.api_test.TestApi" name="test_api_add_1" time="0.009"></testcase><testcase classname="test.rest.api_test.TestApi" name="test_api_divide" time="0.004"></testcase><testcase classname="test.rest.api_test.TestApi" name="test_api_divide_1" time="0.007"></testcase><testcase classname="test.rest.api_test.TestApi" name="test_api_logarithm" time="0.008"></testcase><testcase classname="test.rest.api_test.TestApi" name="test_api_logarithm_1" time="0.007"></testcase><testcase classname="test.rest.api_test.TestApi" name="test_api_multiply" time="0.008"></testcase><testcase classname="test.rest.api_test.TestApi" name="test_api_multiply_1" time="0.008"></testcase><testcase classname="test.rest.api_test.TestApi" name="test_api_power" time="0.007"></testcase><testcase classname="test.rest.api_test.TestApi" name="test_api_power_1" time="0.010"></testcase><testcase classname="test.rest.api_test.TestApi" name="test_api_square_root" time="0.008"></testcase><testcase classname="test.rest.api_test.TestApi" name="test_api_square_root_1" time="0.008"></testcase><testcase classname="test.rest.api_test.TestApi" name="test_api_substract" time="0.006"></testcase><testcase classname="test.rest.api_test.TestApi" name="test_api_substract_1" time="0.009"></testcase></testsuite></testsuites>