<testsuite errors="0" failures="0" hostname="115d8b0fa4f7" name="features.calculator.Calculator basic usage" skipped="0" tests="4" time="0.022135" timestamp="2023-05-21T15:29:00.060363"><testcase classname="features.calculator.Calculator basic usage" name="Use the add operation" status="passed" time="0.015513"><system-out>
<![CDATA[
@scenario.begin
  Scenario: Use the add operation
    Given I open the calculator ... passed in 0.012s
    When I type 2 + 2 ... passed in 0.003s
    Then the result is 4 ... passed in 0.000s

@scenario.end
--------------------------------------------------------------------------------
]]>
</system-out></testcase><testcase classname="features.calculator.Calculator basic usage" name="Use the add operation multiple times -- @1.1 Add numbers" status="passed" time="0.000641"><system-out>
<![CDATA[
@scenario.begin
  Scenario Outline: Use the add operation multiple times -- @1.1 Add numbers
    Given I open the calculator ... passed in 0.000s
    When I type 2 + 2 ... passed in 0.000s
    Then the result is 4 ... passed in 0.000s

@scenario.end
--------------------------------------------------------------------------------
]]>
</system-out></testcase><testcase classname="features.calculator.Calculator basic usage" name="Use the add operation multiple times -- @1.2 Add numbers" status="passed" time="0.00357"><system-out>
<![CDATA[
@scenario.begin
  Scenario Outline: Use the add operation multiple times -- @1.2 Add numbers
    Given I open the calculator ... passed in 0.000s
    When I type 1 + 0 ... passed in 0.000s
    Then the result is 1 ... passed in 0.003s

@scenario.end
--------------------------------------------------------------------------------
]]>
</system-out></testcase><testcase classname="features.calculator.Calculator basic usage" name="Use the add operation multiple times -- @1.3 Add numbers" status="passed" time="0.002411"><system-out>
<![CDATA[
@scenario.begin
  Scenario Outline: Use the add operation multiple times -- @1.3 Add numbers
    Given I open the calculator ... passed in 0.000s
    When I type 1 + -1 ... passed in 0.002s
    Then the result is 0 ... passed in 0.000s

@scenario.end
--------------------------------------------------------------------------------
]]>
</system-out></testcase></testsuite>